TN:
SF:PropertyManagement.lib.js
FN:1,addProperty
FN:2,(anonymous_1)
FN:21,readProperty
FN:23,(anonymous_3)
FN:28,updateProperty
FN:30,(anonymous_5)
FN:41,deleteProperty
FN:43,(anonymous_7)
FNF:8
FNH:8
FNDA:7,addProperty
FNDA:1,(anonymous_1)
FNDA:2,readProperty
FNDA:1,(anonymous_3)
FNDA:2,updateProperty
FNDA:1,(anonymous_5)
FNDA:2,deleteProperty
FNDA:1,(anonymous_7)
DA:2,7
DA:3,1
DA:5,6
DA:16,1
DA:18,5
DA:22,2
DA:23,1
DA:29,2
DA:30,1
DA:32,2
DA:33,1
DA:35,1
DA:42,2
DA:43,1
DA:45,2
DA:46,1
DA:48,1
DA:51,1
LF:18
LH:18
BRDA:2,0,0,1
BRDA:2,0,1,6
BRDA:5,1,0,1
BRDA:5,1,1,5
BRDA:6,2,0,6
BRDA:6,2,1,6
BRDA:6,2,2,6
BRDA:6,2,3,6
BRDA:6,2,4,6
BRDA:6,2,5,6
BRDA:6,2,6,6
BRDA:6,2,7,6
BRDA:6,2,8,6
BRDA:23,3,0,2
BRDA:23,3,1,1
BRDA:32,4,0,1
BRDA:32,4,1,1
BRDA:45,5,0,1
BRDA:45,5,1,1
BRF:19
BRH:19
end_of_record
