TN:
SF:PropertyManagement.lib.js
FN:6,addProperty
FN:7,(anonymous_1)
FN:31,readProperty
FN:33,(anonymous_3)
FN:44,updateProperty
FN:46,(anonymous_5)
FN:62,deleteProperty
FN:64,(anonymous_7)
FNF:8
FNH:8
FNDA:7,addProperty
FNDA:1,(anonymous_1)
FNDA:2,readProperty
FNDA:1,(anonymous_3)
FNDA:2,updateProperty
FNDA:1,(anonymous_5)
FNDA:2,deleteProperty
FNDA:1,(anonymous_7)
DA:7,7
DA:8,1
DA:10,6
DA:21,1
DA:23,5
DA:32,2
DA:33,1
DA:45,2
DA:46,1
DA:48,2
DA:49,1
DA:51,1
DA:63,2
DA:64,1
DA:66,2
DA:67,1
DA:69,1
DA:72,1
LF:18
LH:18
BRDA:7,0,0,1
BRDA:7,0,1,6
BRDA:10,1,0,1
BRDA:10,1,1,5
BRDA:11,2,0,6
BRDA:11,2,1,6
BRDA:11,2,2,6
BRDA:11,2,3,6
BRDA:11,2,4,6
BRDA:11,2,5,6
BRDA:11,2,6,6
BRDA:11,2,7,6
BRDA:11,2,8,6
BRDA:33,3,0,2
BRDA:33,3,1,1
BRDA:48,4,0,1
BRDA:48,4,1,1
BRDA:66,5,0,1
BRDA:66,5,1,1
BRF:19
BRH:19
end_of_record
